#-----------------------------------------------------------
# Vivado v2020.2 (64-bit)
# SW Build 3064766 on Wed Nov 18 09:12:45 MST 2020
# IP Build 3064653 on Wed Nov 18 14:17:31 MST 2020
# Start of session at: Tue Mar 30 14:45:06 2021
# Process ID: 11288
# Current directory: D:/Documents/pPIM/pPIM_ISA
# Command line: vivado.exe -gui_launcher_event rodinguilauncherevent5580 D:\Documents\pPIM\pPIM_ISA\pPIM_ISA.xpr
# Log file: D:/Documents/pPIM/pPIM_ISA/vivado.log
# Journal file: D:/Documents/pPIM/pPIM_ISA\vivado.jou
#-----------------------------------------------------------
start_gui
open_project D:/Documents/pPIM/pPIM_ISA/pPIM_ISA.xpr
WARNING: [filemgmt 56-3] Default IP Output Path : Could not find the directory 'D:/Documents/pPIM/pPIM_ISA/pPIM_ISA.gen/sources_1'.
Scanning sources...
Finished scanning sources
INFO: [IP_Flow 19-234] Refreshing IP repositories
INFO: [IP_Flow 19-1704] No user IP repositories specified
INFO: [IP_Flow 19-2313] Loaded Vivado IP repository 'D:/Application/Xiline/Vivado/2020.2/data/ip'.
update_compile_order -fileset sources_1
set_property top ISA [current_fileset]
update_compile_order -fileset sources_1
set_property top tb_ISA [get_filesets sim_1]
set_property top_lib xil_defaultlib [get_filesets sim_1]
update_compile_order -fileset sim_1
launch_simulation
Command: launch_simulation 
INFO: [Vivado 12-5682] Launching behavioral simulation in 'D:/Documents/pPIM/pPIM_ISA/pPIM_ISA.sim/sim_1/behav/xsim'
INFO: [SIM-utils-51] Simulation object is 'sim_1'
INFO: [SIM-utils-54] Inspecting design source files for 'tb_ISA' in fileset 'sim_1'...
INFO: [USF-XSim-97] Finding global include files...
INFO: [USF-XSim-98] Fetching design files from 'sim_1'...
INFO: [USF-XSim-2] XSim::Compile design
INFO: [USF-XSim-61] Executing 'COMPILE and ANALYZE' step in 'D:/Documents/pPIM/pPIM_ISA/pPIM_ISA.sim/sim_1/behav/xsim'
"xvlog --incr --relax -prj tb_ISA_vlog.prj"
INFO: [VRFC 10-2263] Analyzing Verilog file "D:/Documents/pPIM/pPIM_ISA/pPIM_ISA.srcs/sources_1/new/ISA.v" into library xil_defaultlib
INFO: [VRFC 10-311] analyzing module ISA
INFO: [VRFC 10-2458] undeclared symbol rom_OR, assumed default net type wire [D:/Documents/pPIM/pPIM_ISA/pPIM_ISA.srcs/sources_1/new/ISA.v:55]
INFO: [VRFC 10-2263] Analyzing Verilog file "D:/Documents/pPIM/pPIM_ISA/pPIM_ISA.srcs/sources_1/new/Microtable.v" into library xil_defaultlib
INFO: [VRFC 10-311] analyzing module Microtable
INFO: [VRFC 10-2263] Analyzing Verilog file "D:/Documents/pPIM/RegisterMN.v" into library xil_defaultlib
INFO: [VRFC 10-311] analyzing module regmn
INFO: [VRFC 10-2263] Analyzing Verilog file "D:/Documents/pPIM/decoder.v" into library xil_defaultlib
INFO: [VRFC 10-311] analyzing module decoder
INFO: [VRFC 10-2263] Analyzing Verilog file "D:/Documents/pPIM/presettable_counter.v" into library xil_defaultlib
INFO: [VRFC 10-311] analyzing module counter
INFO: [VRFC 10-2263] Analyzing Verilog file "D:/Documents/pPIM/pPIM_ISA/pPIM_ISA.srcs/sim_1/new/tb_ISA.v" into library xil_defaultlib
INFO: [VRFC 10-311] analyzing module tb_ISA
INFO: [USF-XSim-69] 'compile' step finished in '1' seconds
INFO: [USF-XSim-3] XSim::Elaborate design
INFO: [USF-XSim-61] Executing 'ELABORATE' step in 'D:/Documents/pPIM/pPIM_ISA/pPIM_ISA.sim/sim_1/behav/xsim'
"xelab -wto a83c479ceb964a6e978d303a9b0b4e8e --incr --debug typical --relax --mt 2 -L xil_defaultlib -L unisims_ver -L unimacro_ver -L secureip --snapshot tb_ISA_behav xil_defaultlib.tb_ISA xil_defaultlib.glbl -log elaborate.log"
Vivado Simulator 2020.2
Copyright 1986-1999, 2001-2020 Xilinx, Inc. All Rights Reserved.
Running: D:/Application/Xiline/Vivado/2020.2/bin/unwrapped/win64.o/xelab.exe -wto a83c479ceb964a6e978d303a9b0b4e8e --incr --debug typical --relax --mt 2 -L xil_defaultlib -L unisims_ver -L unimacro_ver -L secureip --snapshot tb_ISA_behav xil_defaultlib.tb_ISA xil_defaultlib.glbl -log elaborate.log 
Using 2 slave threads.
Starting static elaboration
Pass Through NonSizing Optimizer
Completed static elaboration
Starting simulation data flow analysis
Completed simulation data flow analysis
Time Resolution for simulation is 1ps
Compiling module xil_defaultlib.regmn
Compiling module xil_defaultlib.decoder
Compiling module xil_defaultlib.counter
Compiling module xil_defaultlib.Microtable
Compiling module xil_defaultlib.ISA
Compiling module xil_defaultlib.tb_ISA
Compiling module xil_defaultlib.glbl
Built simulation snapshot tb_ISA_behav

****** Webtalk v2020.2 (64-bit)
  **** SW Build 3064766 on Wed Nov 18 09:12:45 MST 2020
  **** IP Build 3064653 on Wed Nov 18 14:17:31 MST 2020
    ** Copyright 1986-2020 Xilinx, Inc. All Rights Reserved.

source D:/Documents/pPIM/pPIM_ISA/pPIM_ISA.sim/sim_1/behav/xsim/xsim.dir/tb_ISA_behav/webtalk/xsim_webtalk.tcl -notrace
INFO: [Common 17-186] 'D:/Documents/pPIM/pPIM_ISA/pPIM_ISA.sim/sim_1/behav/xsim/xsim.dir/tb_ISA_behav/webtalk/usage_statistics_ext_xsim.xml' has been successfully sent to Xilinx on Tue Mar 30 16:07:39 2021. For additional details about this file, please refer to the WebTalk help file at D:/Application/Xiline/Vivado/2020.2/doc/webtalk_introduction.html.
INFO: [Common 17-206] Exiting Webtalk at Tue Mar 30 16:07:39 2021...
run_program: Time (s): cpu = 00:00:00 ; elapsed = 00:00:05 . Memory (MB): peak = 1015.801 ; gain = 0.000
INFO: [USF-XSim-69] 'elaborate' step finished in '5' seconds
INFO: [USF-XSim-4] XSim::Simulate design
INFO: [USF-XSim-61] Executing 'SIMULATE' step in 'D:/Documents/pPIM/pPIM_ISA/pPIM_ISA.sim/sim_1/behav/xsim'
INFO: [USF-XSim-98] *** Running xsim
   with args "tb_ISA_behav -key {Behavioral:sim_1:Functional:tb_ISA} -tclbatch {tb_ISA.tcl} -log {simulate.log}"
INFO: [USF-XSim-8] Loading simulator feature
Vivado Simulator 2020.2
Time resolution is 1 ps
source tb_ISA.tcl
# set curr_wave [current_wave_config]
# if { [string length $curr_wave] == 0 } {
#   if { [llength [get_objects]] > 0} {
#     add_wave /
#     set_property needs_save false [current_wave_config]
#   } else {
#      send_msg_id Add_Wave-1 WARNING "No top level signals found. Simulator will start without a wave window. If you want to open a wave window go to 'File->New Waveform Configuration' or type 'create_wave_config' in the TCL console."
#   }
# }
# run 1000ns
INFO: [USF-XSim-96] XSim completed. Design snapshot 'tb_ISA_behav' loaded.
INFO: [USF-XSim-97] XSim simulation ran for 1000ns
launch_simulation: Time (s): cpu = 00:00:05 ; elapsed = 00:00:09 . Memory (MB): peak = 1015.801 ; gain = 0.000
add_bp {D:/Documents/pPIM/pPIM_ISA/pPIM_ISA.srcs/sim_1/new/tb_ISA.v} 38
remove_bps -file {D:/Documents/pPIM/pPIM_ISA/pPIM_ISA.srcs/sim_1/new/tb_ISA.v} -line 38
add_bp {D:/Documents/pPIM/pPIM_ISA/pPIM_ISA.srcs/sim_1/new/tb_ISA.v} 42
relaunch_sim
Command: launch_simulation -simset sim_1 -mode behavioral
INFO: [Vivado 12-5682] Launching behavioral simulation in 'D:/Documents/pPIM/pPIM_ISA/pPIM_ISA.sim/sim_1/behav/xsim'
INFO: [SIM-utils-51] Simulation object is 'sim_1'
INFO: [SIM-utils-54] Inspecting design source files for 'tb_ISA' in fileset 'sim_1'...
INFO: [USF-XSim-97] Finding global include files...
INFO: [USF-XSim-98] Fetching design files from 'sim_1'...
INFO: [USF-XSim-2] XSim::Compile design
INFO: [USF-XSim-61] Executing 'COMPILE and ANALYZE' step in 'D:/Documents/pPIM/pPIM_ISA/pPIM_ISA.sim/sim_1/behav/xsim'
"xvlog --incr --relax -prj tb_ISA_vlog.prj"
INFO: [VRFC 10-2263] Analyzing Verilog file "D:/Documents/pPIM/pPIM_ISA/pPIM_ISA.srcs/sources_1/new/ISA.v" into library xil_defaultlib
INFO: [VRFC 10-311] analyzing module ISA
INFO: [VRFC 10-2458] undeclared symbol rom_OR, assumed default net type wire [D:/Documents/pPIM/pPIM_ISA/pPIM_ISA.srcs/sources_1/new/ISA.v:55]
INFO: [VRFC 10-2263] Analyzing Verilog file "D:/Documents/pPIM/pPIM_ISA/pPIM_ISA.srcs/sources_1/new/Microtable.v" into library xil_defaultlib
INFO: [VRFC 10-311] analyzing module Microtable
INFO: [VRFC 10-2263] Analyzing Verilog file "D:/Documents/pPIM/RegisterMN.v" into library xil_defaultlib
INFO: [VRFC 10-311] analyzing module regmn
INFO: [VRFC 10-2263] Analyzing Verilog file "D:/Documents/pPIM/decoder.v" into library xil_defaultlib
INFO: [VRFC 10-311] analyzing module decoder
INFO: [VRFC 10-2263] Analyzing Verilog file "D:/Documents/pPIM/presettable_counter.v" into library xil_defaultlib
INFO: [VRFC 10-311] analyzing module counter
INFO: [VRFC 10-2263] Analyzing Verilog file "D:/Documents/pPIM/pPIM_ISA/pPIM_ISA.srcs/sim_1/new/tb_ISA.v" into library xil_defaultlib
INFO: [VRFC 10-311] analyzing module tb_ISA
INFO: [USF-XSim-69] 'compile' step finished in '1' seconds
Command: launch_simulation -simset sim_1 -mode behavioral
INFO: [Vivado 12-5682] Launching behavioral simulation in 'D:/Documents/pPIM/pPIM_ISA/pPIM_ISA.sim/sim_1/behav/xsim'
INFO: [USF-XSim-3] XSim::Elaborate design
INFO: [USF-XSim-61] Executing 'ELABORATE' step in 'D:/Documents/pPIM/pPIM_ISA/pPIM_ISA.sim/sim_1/behav/xsim'
"xelab -wto a83c479ceb964a6e978d303a9b0b4e8e --incr --debug typical --relax --mt 2 -L xil_defaultlib -L unisims_ver -L unimacro_ver -L secureip --snapshot tb_ISA_behav xil_defaultlib.tb_ISA xil_defaultlib.glbl -log elaborate.log"
Vivado Simulator 2020.2
Copyright 1986-1999, 2001-2020 Xilinx, Inc. All Rights Reserved.
Running: D:/Application/Xiline/Vivado/2020.2/bin/unwrapped/win64.o/xelab.exe -wto a83c479ceb964a6e978d303a9b0b4e8e --incr --debug typical --relax --mt 2 -L xil_defaultlib -L unisims_ver -L unimacro_ver -L secureip --snapshot tb_ISA_behav xil_defaultlib.tb_ISA xil_defaultlib.glbl -log elaborate.log 
Using 2 slave threads.
Starting static elaboration
Pass Through NonSizing Optimizer
Completed static elaboration
Starting simulation data flow analysis
Completed simulation data flow analysis
Time Resolution for simulation is 1ps
Compiling module xil_defaultlib.regmn
Compiling module xil_defaultlib.decoder
Compiling module xil_defaultlib.counter
Compiling module xil_defaultlib.Microtable
Compiling module xil_defaultlib.ISA
Compiling module xil_defaultlib.tb_ISA
Compiling module xil_defaultlib.glbl
Built simulation snapshot tb_ISA_behav
INFO: [USF-XSim-69] 'elaborate' step finished in '1' seconds
Vivado Simulator 2020.2
Time resolution is 1 ps
Stopped at time : 0 fs : File "D:/Documents/pPIM/pPIM_ISA/pPIM_ISA.srcs/sim_1/new/tb_ISA.v" Line 42
relaunch_sim: Time (s): cpu = 00:00:01 ; elapsed = 00:00:05 . Memory (MB): peak = 1015.801 ; gain = 0.000
add_bp {D:/Documents/pPIM/pPIM_ISA/pPIM_ISA.srcs/sim_1/new/tb_ISA.v} 47
remove_bps -file {D:/Documents/pPIM/pPIM_ISA/pPIM_ISA.srcs/sim_1/new/tb_ISA.v} -line 42
relaunch_sim
Command: launch_simulation -simset sim_1 -mode behavioral
INFO: [Vivado 12-5682] Launching behavioral simulation in 'D:/Documents/pPIM/pPIM_ISA/pPIM_ISA.sim/sim_1/behav/xsim'
INFO: [SIM-utils-51] Simulation object is 'sim_1'
INFO: [SIM-utils-54] Inspecting design source files for 'tb_ISA' in fileset 'sim_1'...
INFO: [USF-XSim-97] Finding global include files...
INFO: [USF-XSim-98] Fetching design files from 'sim_1'...
INFO: [USF-XSim-2] XSim::Compile design
INFO: [USF-XSim-61] Executing 'COMPILE and ANALYZE' step in 'D:/Documents/pPIM/pPIM_ISA/pPIM_ISA.sim/sim_1/behav/xsim'
"xvlog --incr --relax -prj tb_ISA_vlog.prj"
INFO: [USF-XSim-69] 'compile' step finished in '1' seconds
Command: launch_simulation -simset sim_1 -mode behavioral
INFO: [Vivado 12-5682] Launching behavioral simulation in 'D:/Documents/pPIM/pPIM_ISA/pPIM_ISA.sim/sim_1/behav/xsim'
INFO: [USF-XSim-3] XSim::Elaborate design
INFO: [USF-XSim-61] Executing 'ELABORATE' step in 'D:/Documents/pPIM/pPIM_ISA/pPIM_ISA.sim/sim_1/behav/xsim'
"xelab -wto a83c479ceb964a6e978d303a9b0b4e8e --incr --debug typical --relax --mt 2 -L xil_defaultlib -L unisims_ver -L unimacro_ver -L secureip --snapshot tb_ISA_behav xil_defaultlib.tb_ISA xil_defaultlib.glbl -log elaborate.log"
Vivado Simulator 2020.2
Copyright 1986-1999, 2001-2020 Xilinx, Inc. All Rights Reserved.
Running: D:/Application/Xiline/Vivado/2020.2/bin/unwrapped/win64.o/xelab.exe -wto a83c479ceb964a6e978d303a9b0b4e8e --incr --debug typical --relax --mt 2 -L xil_defaultlib -L unisims_ver -L unimacro_ver -L secureip --snapshot tb_ISA_behav xil_defaultlib.tb_ISA xil_defaultlib.glbl -log elaborate.log 
Using 2 slave threads.
Starting static elaboration
Pass Through NonSizing Optimizer
Completed static elaboration
INFO: [XSIM 43-4323] No Change in HDL. Linking previously generated obj files to create kernel
INFO: [USF-XSim-69] 'elaborate' step finished in '1' seconds
Vivado Simulator 2020.2
Time resolution is 1 ps
Stopped at time : 100 ns : File "D:/Documents/pPIM/pPIM_ISA/pPIM_ISA.srcs/sim_1/new/tb_ISA.v" Line 47
relaunch_sim: Time (s): cpu = 00:00:01 ; elapsed = 00:00:05 . Memory (MB): peak = 1015.801 ; gain = 0.000
relaunch_sim
Command: launch_simulation -simset sim_1 -mode behavioral
INFO: [Vivado 12-5682] Launching behavioral simulation in 'D:/Documents/pPIM/pPIM_ISA/pPIM_ISA.sim/sim_1/behav/xsim'
INFO: [SIM-utils-51] Simulation object is 'sim_1'
INFO: [SIM-utils-54] Inspecting design source files for 'tb_ISA' in fileset 'sim_1'...
INFO: [USF-XSim-97] Finding global include files...
INFO: [USF-XSim-98] Fetching design files from 'sim_1'...
INFO: [USF-XSim-2] XSim::Compile design
INFO: [USF-XSim-61] Executing 'COMPILE and ANALYZE' step in 'D:/Documents/pPIM/pPIM_ISA/pPIM_ISA.sim/sim_1/behav/xsim'
"xvlog --incr --relax -prj tb_ISA_vlog.prj"
INFO: [VRFC 10-2263] Analyzing Verilog file "D:/Documents/pPIM/pPIM_ISA/pPIM_ISA.srcs/sources_1/new/ISA.v" into library xil_defaultlib
INFO: [VRFC 10-311] analyzing module ISA
INFO: [VRFC 10-2263] Analyzing Verilog file "D:/Documents/pPIM/pPIM_ISA/pPIM_ISA.srcs/sources_1/new/Microtable.v" into library xil_defaultlib
INFO: [VRFC 10-311] analyzing module Microtable
INFO: [VRFC 10-2263] Analyzing Verilog file "D:/Documents/pPIM/RegisterMN.v" into library xil_defaultlib
INFO: [VRFC 10-311] analyzing module regmn
INFO: [VRFC 10-2263] Analyzing Verilog file "D:/Documents/pPIM/decoder.v" into library xil_defaultlib
INFO: [VRFC 10-311] analyzing module decoder
INFO: [VRFC 10-2263] Analyzing Verilog file "D:/Documents/pPIM/presettable_counter.v" into library xil_defaultlib
INFO: [VRFC 10-311] analyzing module counter
INFO: [VRFC 10-2263] Analyzing Verilog file "D:/Documents/pPIM/pPIM_ISA/pPIM_ISA.srcs/sim_1/new/tb_ISA.v" into library xil_defaultlib
INFO: [VRFC 10-311] analyzing module tb_ISA
INFO: [USF-XSim-69] 'compile' step finished in '1' seconds
Command: launch_simulation -simset sim_1 -mode behavioral
INFO: [Vivado 12-5682] Launching behavioral simulation in 'D:/Documents/pPIM/pPIM_ISA/pPIM_ISA.sim/sim_1/behav/xsim'
INFO: [USF-XSim-3] XSim::Elaborate design
INFO: [USF-XSim-61] Executing 'ELABORATE' step in 'D:/Documents/pPIM/pPIM_ISA/pPIM_ISA.sim/sim_1/behav/xsim'
"xelab -wto a83c479ceb964a6e978d303a9b0b4e8e --incr --debug typical --relax --mt 2 -L xil_defaultlib -L unisims_ver -L unimacro_ver -L secureip --snapshot tb_ISA_behav xil_defaultlib.tb_ISA xil_defaultlib.glbl -log elaborate.log"
Vivado Simulator 2020.2
Copyright 1986-1999, 2001-2020 Xilinx, Inc. All Rights Reserved.
Running: D:/Application/Xiline/Vivado/2020.2/bin/unwrapped/win64.o/xelab.exe -wto a83c479ceb964a6e978d303a9b0b4e8e --incr --debug typical --relax --mt 2 -L xil_defaultlib -L unisims_ver -L unimacro_ver -L secureip --snapshot tb_ISA_behav xil_defaultlib.tb_ISA xil_defaultlib.glbl -log elaborate.log 
Using 2 slave threads.
Starting static elaboration
Pass Through NonSizing Optimizer
Completed static elaboration
Starting simulation data flow analysis
Completed simulation data flow analysis
Time Resolution for simulation is 1ps
Compiling module xil_defaultlib.regmn
Compiling module xil_defaultlib.decoder
Compiling module xil_defaultlib.counter
Compiling module xil_defaultlib.Microtable
Compiling module xil_defaultlib.ISA
Compiling module xil_defaultlib.tb_ISA
Compiling module xil_defaultlib.glbl
Built simulation snapshot tb_ISA_behav
INFO: [USF-XSim-69] 'elaborate' step finished in '2' seconds
Vivado Simulator 2020.2
Time resolution is 1 ps
Stopped at time : 100 ns : File "D:/Documents/pPIM/pPIM_ISA/pPIM_ISA.srcs/sim_1/new/tb_ISA.v" Line 47
relaunch_sim: Time (s): cpu = 00:00:01 ; elapsed = 00:00:06 . Memory (MB): peak = 1015.801 ; gain = 0.000
remove_bps -file {D:/Documents/pPIM/pPIM_ISA/pPIM_ISA.srcs/sim_1/new/tb_ISA.v} -line 47
relaunch_sim
Command: launch_simulation -simset sim_1 -mode behavioral
INFO: [Vivado 12-5682] Launching behavioral simulation in 'D:/Documents/pPIM/pPIM_ISA/pPIM_ISA.sim/sim_1/behav/xsim'
INFO: [SIM-utils-51] Simulation object is 'sim_1'
INFO: [SIM-utils-54] Inspecting design source files for 'tb_ISA' in fileset 'sim_1'...
INFO: [USF-XSim-97] Finding global include files...
INFO: [USF-XSim-98] Fetching design files from 'sim_1'...
INFO: [USF-XSim-2] XSim::Compile design
INFO: [USF-XSim-61] Executing 'COMPILE and ANALYZE' step in 'D:/Documents/pPIM/pPIM_ISA/pPIM_ISA.sim/sim_1/behav/xsim'
"xvlog --incr --relax -prj tb_ISA_vlog.prj"
INFO: [USF-XSim-69] 'compile' step finished in '1' seconds
Command: launch_simulation -simset sim_1 -mode behavioral
INFO: [Vivado 12-5682] Launching behavioral simulation in 'D:/Documents/pPIM/pPIM_ISA/pPIM_ISA.sim/sim_1/behav/xsim'
INFO: [USF-XSim-3] XSim::Elaborate design
INFO: [USF-XSim-61] Executing 'ELABORATE' step in 'D:/Documents/pPIM/pPIM_ISA/pPIM_ISA.sim/sim_1/behav/xsim'
"xelab -wto a83c479ceb964a6e978d303a9b0b4e8e --incr --debug typical --relax --mt 2 -L xil_defaultlib -L unisims_ver -L unimacro_ver -L secureip --snapshot tb_ISA_behav xil_defaultlib.tb_ISA xil_defaultlib.glbl -log elaborate.log"
Vivado Simulator 2020.2
Copyright 1986-1999, 2001-2020 Xilinx, Inc. All Rights Reserved.
Running: D:/Application/Xiline/Vivado/2020.2/bin/unwrapped/win64.o/xelab.exe -wto a83c479ceb964a6e978d303a9b0b4e8e --incr --debug typical --relax --mt 2 -L xil_defaultlib -L unisims_ver -L unimacro_ver -L secureip --snapshot tb_ISA_behav xil_defaultlib.tb_ISA xil_defaultlib.glbl -log elaborate.log 
Using 2 slave threads.
Starting static elaboration
Pass Through NonSizing Optimizer
Completed static elaboration
INFO: [XSIM 43-4323] No Change in HDL. Linking previously generated obj files to create kernel
INFO: [USF-XSim-69] 'elaborate' step finished in '1' seconds
Vivado Simulator 2020.2
Time resolution is 1 ps
relaunch_sim: Time (s): cpu = 00:00:01 ; elapsed = 00:00:05 . Memory (MB): peak = 1015.801 ; gain = 0.000
relaunch_sim
Command: launch_simulation -simset sim_1 -mode behavioral
INFO: [Vivado 12-5682] Launching behavioral simulation in 'D:/Documents/pPIM/pPIM_ISA/pPIM_ISA.sim/sim_1/behav/xsim'
INFO: [SIM-utils-51] Simulation object is 'sim_1'
INFO: [SIM-utils-54] Inspecting design source files for 'tb_ISA' in fileset 'sim_1'...
INFO: [USF-XSim-97] Finding global include files...
INFO: [USF-XSim-98] Fetching design files from 'sim_1'...
INFO: [USF-XSim-2] XSim::Compile design
INFO: [USF-XSim-61] Executing 'COMPILE and ANALYZE' step in 'D:/Documents/pPIM/pPIM_ISA/pPIM_ISA.sim/sim_1/behav/xsim'
"xvlog --incr --relax -prj tb_ISA_vlog.prj"
INFO: [VRFC 10-2263] Analyzing Verilog file "D:/Documents/pPIM/pPIM_ISA/pPIM_ISA.srcs/sources_1/new/ISA.v" into library xil_defaultlib
INFO: [VRFC 10-311] analyzing module ISA
INFO: [VRFC 10-2263] Analyzing Verilog file "D:/Documents/pPIM/pPIM_ISA/pPIM_ISA.srcs/sources_1/new/Microtable.v" into library xil_defaultlib
INFO: [VRFC 10-311] analyzing module Microtable
INFO: [VRFC 10-2263] Analyzing Verilog file "D:/Documents/pPIM/RegisterMN.v" into library xil_defaultlib
INFO: [VRFC 10-311] analyzing module regmn
INFO: [VRFC 10-2263] Analyzing Verilog file "D:/Documents/pPIM/decoder.v" into library xil_defaultlib
INFO: [VRFC 10-311] analyzing module decoder
INFO: [VRFC 10-2263] Analyzing Verilog file "D:/Documents/pPIM/presettable_counter.v" into library xil_defaultlib
INFO: [VRFC 10-311] analyzing module counter
INFO: [VRFC 10-2263] Analyzing Verilog file "D:/Documents/pPIM/pPIM_ISA/pPIM_ISA.srcs/sim_1/new/tb_ISA.v" into library xil_defaultlib
INFO: [VRFC 10-311] analyzing module tb_ISA
INFO: [USF-XSim-69] 'compile' step finished in '1' seconds
Command: launch_simulation -simset sim_1 -mode behavioral
INFO: [Vivado 12-5682] Launching behavioral simulation in 'D:/Documents/pPIM/pPIM_ISA/pPIM_ISA.sim/sim_1/behav/xsim'
INFO: [USF-XSim-3] XSim::Elaborate design
INFO: [USF-XSim-61] Executing 'ELABORATE' step in 'D:/Documents/pPIM/pPIM_ISA/pPIM_ISA.sim/sim_1/behav/xsim'
"xelab -wto a83c479ceb964a6e978d303a9b0b4e8e --incr --debug typical --relax --mt 2 -L xil_defaultlib -L unisims_ver -L unimacro_ver -L secureip --snapshot tb_ISA_behav xil_defaultlib.tb_ISA xil_defaultlib.glbl -log elaborate.log"
Vivado Simulator 2020.2
Copyright 1986-1999, 2001-2020 Xilinx, Inc. All Rights Reserved.
Running: D:/Application/Xiline/Vivado/2020.2/bin/unwrapped/win64.o/xelab.exe -wto a83c479ceb964a6e978d303a9b0b4e8e --incr --debug typical --relax --mt 2 -L xil_defaultlib -L unisims_ver -L unimacro_ver -L secureip --snapshot tb_ISA_behav xil_defaultlib.tb_ISA xil_defaultlib.glbl -log elaborate.log 
Using 2 slave threads.
Starting static elaboration
Pass Through NonSizing Optimizer
Completed static elaboration
Starting simulation data flow analysis
Completed simulation data flow analysis
Time Resolution for simulation is 1ps
Compiling module xil_defaultlib.regmn
Compiling module xil_defaultlib.decoder
Compiling module xil_defaultlib.counter
Compiling module xil_defaultlib.Microtable
Compiling module xil_defaultlib.ISA
Compiling module xil_defaultlib.tb_ISA
Compiling module xil_defaultlib.glbl
Built simulation snapshot tb_ISA_behav
INFO: [USF-XSim-69] 'elaborate' step finished in '2' seconds
Vivado Simulator 2020.2
Time resolution is 1 ps
relaunch_sim: Time (s): cpu = 00:00:01 ; elapsed = 00:00:06 . Memory (MB): peak = 1015.801 ; gain = 0.000
relaunch_sim
Command: launch_simulation -simset sim_1 -mode behavioral
INFO: [Vivado 12-5682] Launching behavioral simulation in 'D:/Documents/pPIM/pPIM_ISA/pPIM_ISA.sim/sim_1/behav/xsim'
INFO: [SIM-utils-51] Simulation object is 'sim_1'
INFO: [SIM-utils-54] Inspecting design source files for 'tb_ISA' in fileset 'sim_1'...
INFO: [USF-XSim-97] Finding global include files...
INFO: [USF-XSim-98] Fetching design files from 'sim_1'...
INFO: [USF-XSim-2] XSim::Compile design
INFO: [USF-XSim-61] Executing 'COMPILE and ANALYZE' step in 'D:/Documents/pPIM/pPIM_ISA/pPIM_ISA.sim/sim_1/behav/xsim'
"xvlog --incr --relax -prj tb_ISA_vlog.prj"
INFO: [VRFC 10-2263] Analyzing Verilog file "D:/Documents/pPIM/pPIM_ISA/pPIM_ISA.srcs/sources_1/new/ISA.v" into library xil_defaultlib
INFO: [VRFC 10-311] analyzing module ISA
INFO: [VRFC 10-2263] Analyzing Verilog file "D:/Documents/pPIM/pPIM_ISA/pPIM_ISA.srcs/sources_1/new/Microtable.v" into library xil_defaultlib
INFO: [VRFC 10-311] analyzing module Microtable
INFO: [VRFC 10-2263] Analyzing Verilog file "D:/Documents/pPIM/RegisterMN.v" into library xil_defaultlib
INFO: [VRFC 10-311] analyzing module regmn
INFO: [VRFC 10-2263] Analyzing Verilog file "D:/Documents/pPIM/decoder.v" into library xil_defaultlib
INFO: [VRFC 10-311] analyzing module decoder
INFO: [VRFC 10-2263] Analyzing Verilog file "D:/Documents/pPIM/presettable_counter.v" into library xil_defaultlib
INFO: [VRFC 10-311] analyzing module counter
INFO: [VRFC 10-2263] Analyzing Verilog file "D:/Documents/pPIM/pPIM_ISA/pPIM_ISA.srcs/sim_1/new/tb_ISA.v" into library xil_defaultlib
INFO: [VRFC 10-311] analyzing module tb_ISA
INFO: [USF-XSim-69] 'compile' step finished in '1' seconds
Command: launch_simulation -simset sim_1 -mode behavioral
INFO: [Vivado 12-5682] Launching behavioral simulation in 'D:/Documents/pPIM/pPIM_ISA/pPIM_ISA.sim/sim_1/behav/xsim'
INFO: [USF-XSim-3] XSim::Elaborate design
INFO: [USF-XSim-61] Executing 'ELABORATE' step in 'D:/Documents/pPIM/pPIM_ISA/pPIM_ISA.sim/sim_1/behav/xsim'
"xelab -wto a83c479ceb964a6e978d303a9b0b4e8e --incr --debug typical --relax --mt 2 -L xil_defaultlib -L unisims_ver -L unimacro_ver -L secureip --snapshot tb_ISA_behav xil_defaultlib.tb_ISA xil_defaultlib.glbl -log elaborate.log"
Vivado Simulator 2020.2
Copyright 1986-1999, 2001-2020 Xilinx, Inc. All Rights Reserved.
Running: D:/Application/Xiline/Vivado/2020.2/bin/unwrapped/win64.o/xelab.exe -wto a83c479ceb964a6e978d303a9b0b4e8e --incr --debug typical --relax --mt 2 -L xil_defaultlib -L unisims_ver -L unimacro_ver -L secureip --snapshot tb_ISA_behav xil_defaultlib.tb_ISA xil_defaultlib.glbl -log elaborate.log 
Using 2 slave threads.
Starting static elaboration
Pass Through NonSizing Optimizer
Completed static elaboration
Starting simulation data flow analysis
Completed simulation data flow analysis
Time Resolution for simulation is 1ps
Compiling module xil_defaultlib.regmn
Compiling module xil_defaultlib.decoder
Compiling module xil_defaultlib.counter
Compiling module xil_defaultlib.Microtable
Compiling module xil_defaultlib.ISA
Compiling module xil_defaultlib.tb_ISA
Compiling module xil_defaultlib.glbl
Built simulation snapshot tb_ISA_behav
INFO: [USF-XSim-69] 'elaborate' step finished in '2' seconds
Vivado Simulator 2020.2
Time resolution is 1 ps
relaunch_sim: Time (s): cpu = 00:00:01 ; elapsed = 00:00:05 . Memory (MB): peak = 1015.801 ; gain = 0.000
relaunch_sim
Command: launch_simulation -simset sim_1 -mode behavioral
INFO: [Vivado 12-5682] Launching behavioral simulation in 'D:/Documents/pPIM/pPIM_ISA/pPIM_ISA.sim/sim_1/behav/xsim'
INFO: [SIM-utils-51] Simulation object is 'sim_1'
INFO: [SIM-utils-54] Inspecting design source files for 'tb_ISA' in fileset 'sim_1'...
INFO: [USF-XSim-97] Finding global include files...
INFO: [USF-XSim-98] Fetching design files from 'sim_1'...
INFO: [USF-XSim-2] XSim::Compile design
INFO: [USF-XSim-61] Executing 'COMPILE and ANALYZE' step in 'D:/Documents/pPIM/pPIM_ISA/pPIM_ISA.sim/sim_1/behav/xsim'
"xvlog --incr --relax -prj tb_ISA_vlog.prj"
INFO: [VRFC 10-2263] Analyzing Verilog file "D:/Documents/pPIM/pPIM_ISA/pPIM_ISA.srcs/sources_1/new/ISA.v" into library xil_defaultlib
INFO: [VRFC 10-311] analyzing module ISA
INFO: [VRFC 10-2263] Analyzing Verilog file "D:/Documents/pPIM/pPIM_ISA/pPIM_ISA.srcs/sources_1/new/Microtable.v" into library xil_defaultlib
INFO: [VRFC 10-311] analyzing module Microtable
INFO: [VRFC 10-2263] Analyzing Verilog file "D:/Documents/pPIM/RegisterMN.v" into library xil_defaultlib
INFO: [VRFC 10-311] analyzing module regmn
INFO: [VRFC 10-2263] Analyzing Verilog file "D:/Documents/pPIM/decoder.v" into library xil_defaultlib
INFO: [VRFC 10-311] analyzing module decoder
INFO: [VRFC 10-2263] Analyzing Verilog file "D:/Documents/pPIM/presettable_counter.v" into library xil_defaultlib
INFO: [VRFC 10-311] analyzing module counter
INFO: [VRFC 10-2263] Analyzing Verilog file "D:/Documents/pPIM/pPIM_ISA/pPIM_ISA.srcs/sim_1/new/tb_ISA.v" into library xil_defaultlib
INFO: [VRFC 10-311] analyzing module tb_ISA
INFO: [USF-XSim-69] 'compile' step finished in '2' seconds
Command: launch_simulation -simset sim_1 -mode behavioral
INFO: [Vivado 12-5682] Launching behavioral simulation in 'D:/Documents/pPIM/pPIM_ISA/pPIM_ISA.sim/sim_1/behav/xsim'
INFO: [USF-XSim-3] XSim::Elaborate design
INFO: [USF-XSim-61] Executing 'ELABORATE' step in 'D:/Documents/pPIM/pPIM_ISA/pPIM_ISA.sim/sim_1/behav/xsim'
"xelab -wto a83c479ceb964a6e978d303a9b0b4e8e --incr --debug typical --relax --mt 2 -L xil_defaultlib -L unisims_ver -L unimacro_ver -L secureip --snapshot tb_ISA_behav xil_defaultlib.tb_ISA xil_defaultlib.glbl -log elaborate.log"
Vivado Simulator 2020.2
Copyright 1986-1999, 2001-2020 Xilinx, Inc. All Rights Reserved.
Running: D:/Application/Xiline/Vivado/2020.2/bin/unwrapped/win64.o/xelab.exe -wto a83c479ceb964a6e978d303a9b0b4e8e --incr --debug typical --relax --mt 2 -L xil_defaultlib -L unisims_ver -L unimacro_ver -L secureip --snapshot tb_ISA_behav xil_defaultlib.tb_ISA xil_defaultlib.glbl -log elaborate.log 
Using 2 slave threads.
Starting static elaboration
Pass Through NonSizing Optimizer
Completed static elaboration
Starting simulation data flow analysis
Completed simulation data flow analysis
Time Resolution for simulation is 1ps
Compiling module xil_defaultlib.regmn
Compiling module xil_defaultlib.decoder
Compiling module xil_defaultlib.counter
Compiling module xil_defaultlib.Microtable
Compiling module xil_defaultlib.ISA
Compiling module xil_defaultlib.tb_ISA
Compiling module xil_defaultlib.glbl
Built simulation snapshot tb_ISA_behav
INFO: [USF-XSim-69] 'elaborate' step finished in '1' seconds
Vivado Simulator 2020.2
Time resolution is 1 ps
relaunch_sim: Time (s): cpu = 00:00:01 ; elapsed = 00:00:05 . Memory (MB): peak = 1015.801 ; gain = 0.000
relaunch_sim
Command: launch_simulation -simset sim_1 -mode behavioral
INFO: [Vivado 12-5682] Launching behavioral simulation in 'D:/Documents/pPIM/pPIM_ISA/pPIM_ISA.sim/sim_1/behav/xsim'
INFO: [SIM-utils-51] Simulation object is 'sim_1'
INFO: [SIM-utils-54] Inspecting design source files for 'tb_ISA' in fileset 'sim_1'...
INFO: [USF-XSim-97] Finding global include files...
INFO: [USF-XSim-98] Fetching design files from 'sim_1'...
INFO: [USF-XSim-2] XSim::Compile design
INFO: [USF-XSim-61] Executing 'COMPILE and ANALYZE' step in 'D:/Documents/pPIM/pPIM_ISA/pPIM_ISA.sim/sim_1/behav/xsim'
"xvlog --incr --relax -prj tb_ISA_vlog.prj"
INFO: [VRFC 10-2263] Analyzing Verilog file "D:/Documents/pPIM/pPIM_ISA/pPIM_ISA.srcs/sources_1/new/ISA.v" into library xil_defaultlib
INFO: [VRFC 10-311] analyzing module ISA
INFO: [VRFC 10-2263] Analyzing Verilog file "D:/Documents/pPIM/pPIM_ISA/pPIM_ISA.srcs/sources_1/new/Microtable.v" into library xil_defaultlib
INFO: [VRFC 10-311] analyzing module Microtable
INFO: [VRFC 10-2263] Analyzing Verilog file "D:/Documents/pPIM/RegisterMN.v" into library xil_defaultlib
INFO: [VRFC 10-311] analyzing module regmn
INFO: [VRFC 10-2263] Analyzing Verilog file "D:/Documents/pPIM/decoder.v" into library xil_defaultlib
INFO: [VRFC 10-311] analyzing module decoder
INFO: [VRFC 10-2263] Analyzing Verilog file "D:/Documents/pPIM/presettable_counter.v" into library xil_defaultlib
INFO: [VRFC 10-311] analyzing module counter
INFO: [VRFC 10-2263] Analyzing Verilog file "D:/Documents/pPIM/pPIM_ISA/pPIM_ISA.srcs/sim_1/new/tb_ISA.v" into library xil_defaultlib
INFO: [VRFC 10-311] analyzing module tb_ISA
INFO: [USF-XSim-69] 'compile' step finished in '1' seconds
Command: launch_simulation -simset sim_1 -mode behavioral
INFO: [Vivado 12-5682] Launching behavioral simulation in 'D:/Documents/pPIM/pPIM_ISA/pPIM_ISA.sim/sim_1/behav/xsim'
INFO: [USF-XSim-3] XSim::Elaborate design
INFO: [USF-XSim-61] Executing 'ELABORATE' step in 'D:/Documents/pPIM/pPIM_ISA/pPIM_ISA.sim/sim_1/behav/xsim'
"xelab -wto a83c479ceb964a6e978d303a9b0b4e8e --incr --debug typical --relax --mt 2 -L xil_defaultlib -L unisims_ver -L unimacro_ver -L secureip --snapshot tb_ISA_behav xil_defaultlib.tb_ISA xil_defaultlib.glbl -log elaborate.log"
Vivado Simulator 2020.2
Copyright 1986-1999, 2001-2020 Xilinx, Inc. All Rights Reserved.
Running: D:/Application/Xiline/Vivado/2020.2/bin/unwrapped/win64.o/xelab.exe -wto a83c479ceb964a6e978d303a9b0b4e8e --incr --debug typical --relax --mt 2 -L xil_defaultlib -L unisims_ver -L unimacro_ver -L secureip --snapshot tb_ISA_behav xil_defaultlib.tb_ISA xil_defaultlib.glbl -log elaborate.log 
Using 2 slave threads.
Starting static elaboration
Pass Through NonSizing Optimizer
WARNING: [VRFC 10-3091] actual bit length 32 differs from formal bit length 8 for port 'data' [D:/Documents/pPIM/pPIM_ISA/pPIM_ISA.srcs/sources_1/new/ISA.v:58]
Completed static elaboration
Starting simulation data flow analysis
Completed simulation data flow analysis
Time Resolution for simulation is 1ps
Compiling module xil_defaultlib.regmn
Compiling module xil_defaultlib.decoder
Compiling module xil_defaultlib.counter
Compiling module xil_defaultlib.Microtable
Compiling module xil_defaultlib.ISA
Compiling module xil_defaultlib.tb_ISA
Compiling module xil_defaultlib.glbl
Built simulation snapshot tb_ISA_behav
INFO: [USF-XSim-69] 'elaborate' step finished in '1' seconds
Vivado Simulator 2020.2
