#-----------------------------------------------------------
# Vivado v2020.2 (64-bit)
# SW Build 3064766 on Wed Nov 18 09:12:45 MST 2020
# IP Build 3064653 on Wed Nov 18 14:17:31 MST 2020
# Start of session at: Sat Mar 27 22:37:40 2021
# Process ID: 11068
# Current directory: D:/Documents/pPIM/pPIM_ISA
# Command line: vivado.exe -gui_launcher_event rodinguilauncherevent7032 D:\Documents\pPIM\pPIM_ISA\pPIM_ISA.xpr
# Log file: D:/Documents/pPIM/pPIM_ISA/vivado.log
# Journal file: D:/Documents/pPIM/pPIM_ISA\vivado.jou
#-----------------------------------------------------------
start_gui
open_project D:/Documents/pPIM/pPIM_ISA/pPIM_ISA.xpr
WARNING: [filemgmt 56-3] Default IP Output Path : Could not find the directory 'D:/Documents/pPIM/pPIM_ISA/pPIM_ISA.gen/sources_1'.
Scanning sources...
Finished scanning sources
INFO: [IP_Flow 19-234] Refreshing IP repositories
INFO: [IP_Flow 19-1704] No user IP repositories specified
INFO: [IP_Flow 19-2313] Loaded Vivado IP repository 'D:/Application/Xiline/Vivado/2020.2/data/ip'.
update_compile_order -fileset sources_1
exit
INFO: [Common 17-206] Exiting Vivado at Sun Mar 28 16:02:53 2021...
